<?xml version="1.0" encoding="utf-8"?>
<test-run id="2" testcasecount="2" result="Failed(Child)" total="2" passed="1" failed="1" inconclusive="0" skipped="0" asserts="0" engine-version="3.5.0.0" clr-version="" start-time="2018-11-06 06:26:55Z" end-time="2018-11-06 06:26:55Z" duration="0.064677">
  <test-suite type="TestSuite" id="1000" name="UnityCITest" fullname="UnityCITest" runstate="Runnable" testcasecount="2" result="Failed" site="Child" start-time="2018-11-06 06:26:55Z" end-time="2018-11-06 06:26:55Z" duration="0.064677" total="2" passed="1" failed="1" inconclusive="0" skipped="0" asserts="0">
    <failure>
      <message><![CDATA[One or more child tests had errors]]></message>
    </failure>
    <test-suite type="Assembly" id="1004" name="Tests.dll" fullname="/Users/zhilingyang/UnityCITest/UnityCITest/Library/ScriptAssemblies/Tests.dll" runstate="Runnable" testcasecount="2" result="Failed" site="Child" start-time="2018-11-06 06:26:55Z" end-time="2018-11-06 06:26:55Z" duration="0.029762" total="2" passed="1" failed="1" inconclusive="0" skipped="0" asserts="0">
      <properties>
        <property name="_PID" value="7281" />
        <property name="_APPDOMAIN" value="Unity Child Domain" />
      </properties>
      <failure>
        <message><![CDATA[One or more child tests had errors]]></message>
      </failure>
      <test-suite type="TestFixture" id="1001" name="NewTestScript" fullname="NewTestScript" classname="NewTestScript" runstate="Runnable" testcasecount="2" result="Failed" site="Child" start-time="2018-11-06 06:26:55Z" end-time="2018-11-06 06:26:55Z" duration="0.028269" total="2" passed="1" failed="1" inconclusive="0" skipped="0" asserts="0">
        <failure>
          <message><![CDATA[One or more child tests had errors]]></message>
        </failure>
        <test-case id="1002" name="NewTestScriptSimplePasses" fullname="NewTestScript.NewTestScriptSimplePasses" methodname="NewTestScriptSimplePasses" classname="NewTestScript" runstate="Runnable" seed="1778735430" result="Passed" start-time="2018-11-06 06:26:55Z" end-time="2018-11-06 06:26:55Z" duration="0.005582" asserts="0" />
        <test-case id="1003" name="NewTestScriptSimplePasses2" fullname="NewTestScript.NewTestScriptSimplePasses2" methodname="NewTestScriptSimplePasses2" classname="NewTestScript" runstate="Runnable" seed="1343901231" result="Failed" start-time="2018-11-06 06:26:55Z" end-time="2018-11-06 06:26:55Z" duration="0.010469" asserts="0">
          <failure>
            <message><![CDATA[]]></message>
            <stack-trace><![CDATA[at NewTestScript.NewTestScriptSimplePasses2 () [0x00001] in /Users/zhilingyang/UnityCITest/UnityCITest/Assets/Scenes/Editor/Tests/NewTestScript.cs:15
]]></stack-trace>
          </failure>
        </test-case>
      </test-suite>
    </test-suite>
  </test-suite>
</test-run>