<?xml version="1.0" encoding="utf-8"?>
<test-run id="2" testcasecount="2" result="Passed" total="2" passed="2" failed="0" inconclusive="0" skipped="0" asserts="0" engine-version="3.5.0.0" clr-version="" start-time="2018-11-08 02:57:14Z" end-time="2018-11-08 02:57:15Z" duration="0.0580823">
  <test-suite type="TestSuite" id="1000" name="UnityCITest" fullname="UnityCITest" runstate="Runnable" testcasecount="2" result="Passed" start-time="2018-11-08 02:57:14Z" end-time="2018-11-08 02:57:15Z" duration="0.058082" total="2" passed="2" failed="0" inconclusive="0" skipped="0" asserts="0">
    <test-suite type="Assembly" id="1004" name="Tests.dll" fullname="/Users/zhilingyang/UnityCITest/UnityCITest/Library/ScriptAssemblies/Tests.dll" runstate="Runnable" testcasecount="2" result="Passed" start-time="2018-11-08 02:57:15Z" end-time="2018-11-08 02:57:15Z" duration="0.023920" total="2" passed="2" failed="0" inconclusive="0" skipped="0" asserts="0">
      <properties>
        <property name="_PID" value="25316" />
        <property name="_APPDOMAIN" value="Unity Child Domain" />
      </properties>
      <test-suite type="TestFixture" id="1001" name="NewTestScript" fullname="NewTestScript" classname="NewTestScript" runstate="Runnable" testcasecount="2" result="Passed" start-time="2018-11-08 02:57:15Z" end-time="2018-11-08 02:57:15Z" duration="0.021671" total="2" passed="2" failed="0" inconclusive="0" skipped="0" asserts="0">
        <test-case id="1002" name="NewTestScriptSimplePasses" fullname="NewTestScript.NewTestScriptSimplePasses" methodname="NewTestScriptSimplePasses" classname="NewTestScript" runstate="Runnable" seed="108451814" result="Passed" start-time="2018-11-08 02:57:15Z" end-time="2018-11-08 02:57:15Z" duration="0.007720" asserts="0" />
        <test-case id="1003" name="NewTestScriptSimplePasses2" fullname="NewTestScript.NewTestScriptSimplePasses2" methodname="NewTestScriptSimplePasses2" classname="NewTestScript" runstate="Runnable" seed="959892261" result="Passed" start-time="2018-11-08 02:57:15Z" end-time="2018-11-08 02:57:15Z" duration="0.000248" asserts="0" />
      </test-suite>
    </test-suite>
  </test-suite>
</test-run>