<?xml version="1.0" encoding="utf-8"?>
<test-run id="2" testcasecount="1" result="Failed(Child)" total="1" passed="0" failed="1" inconclusive="0" skipped="0" asserts="0" engine-version="3.5.0.0" clr-version="" start-time="2018-11-05 09:56:09Z" end-time="2018-11-05 09:56:10Z" duration="0.334037">
  <test-suite type="TestSuite" id="1000" name="UnityCITest" fullname="UnityCITest" runstate="Runnable" testcasecount="1" result="Failed" site="Child" start-time="2018-11-05 09:56:09Z" end-time="2018-11-05 09:56:10Z" duration="0.334037" total="1" passed="0" failed="1" inconclusive="0" skipped="0" asserts="0">
    <failure>
      <message><![CDATA[One or more child tests had errors]]></message>
    </failure>
    <test-suite type="Assembly" id="1003" name="Tests.dll" fullname="/Users/zhilingyang/UnityCITest/UnityCITest/Library/ScriptAssemblies/Tests.dll" runstate="Runnable" testcasecount="1" result="Failed" site="Child" start-time="2018-11-05 09:56:10Z" end-time="2018-11-05 09:56:10Z" duration="0.039484" total="1" passed="0" failed="1" inconclusive="0" skipped="0" asserts="0">
      <properties>
        <property name="_PID" value="4183" />
        <property name="_APPDOMAIN" value="Unity Child Domain" />
      </properties>
      <failure>
        <message><![CDATA[One or more child tests had errors]]></message>
      </failure>
      <test-suite type="TestFixture" id="1001" name="NewTestScript" fullname="NewTestScript" classname="NewTestScript" runstate="Runnable" testcasecount="1" result="Failed" site="Child" start-time="2018-11-05 09:56:10Z" end-time="2018-11-05 09:56:10Z" duration="0.036493" total="1" passed="0" failed="1" inconclusive="0" skipped="0" asserts="0">
        <failure>
          <message><![CDATA[One or more child tests had errors]]></message>
        </failure>
        <test-case id="1002" name="NewTestScriptSimplePasses" fullname="NewTestScript.NewTestScriptSimplePasses" methodname="NewTestScriptSimplePasses" classname="NewTestScript" runstate="Runnable" seed="1725772359" result="Failed" start-time="2018-11-05 09:56:10Z" end-time="2018-11-05 09:56:10Z" duration="0.011400" asserts="0">
          <failure>
            <message><![CDATA[]]></message>
            <stack-trace><![CDATA[at NewTestScript.NewTestScriptSimplePasses () [0x00001] in /Users/zhilingyang/UnityCITest/UnityCITest/Assets/Scenes/Editor/Tests/NewTestScript.cs:10
]]></stack-trace>
          </failure>
        </test-case>
      </test-suite>
    </test-suite>
  </test-suite>
</test-run>