<?xml version="1.0" encoding="utf-8"?>
<test-run id="2" testcasecount="1" result="Passed" total="1" passed="1" failed="0" inconclusive="0" skipped="0" asserts="0" engine-version="3.5.0.0" clr-version="" start-time="2018-11-05 09:57:28Z" end-time="2018-11-05 09:57:29Z" duration="0.262296">
  <test-suite type="TestSuite" id="1000" name="UnityCITest" fullname="UnityCITest" runstate="Runnable" testcasecount="1" result="Passed" start-time="2018-11-05 09:57:28Z" end-time="2018-11-05 09:57:29Z" duration="0.262296" total="1" passed="1" failed="0" inconclusive="0" skipped="0" asserts="0">
    <test-suite type="Assembly" id="1003" name="Tests.dll" fullname="/Users/zhilingyang/UnityCITest/UnityCITest/Library/ScriptAssemblies/Tests.dll" runstate="Runnable" testcasecount="1" result="Passed" start-time="2018-11-05 09:57:29Z" end-time="2018-11-05 09:57:29Z" duration="0.039977" total="1" passed="1" failed="0" inconclusive="0" skipped="0" asserts="0">
      <properties>
        <property name="_PID" value="4206" />
        <property name="_APPDOMAIN" value="Unity Child Domain" />
      </properties>
      <test-suite type="TestFixture" id="1001" name="NewTestScript" fullname="NewTestScript" classname="NewTestScript" runstate="Runnable" testcasecount="1" result="Passed" start-time="2018-11-05 09:57:29Z" end-time="2018-11-05 09:57:29Z" duration="0.034749" total="1" passed="1" failed="0" inconclusive="0" skipped="0" asserts="0">
        <test-case id="1002" name="NewTestScriptSimplePasses" fullname="NewTestScript.NewTestScriptSimplePasses" methodname="NewTestScriptSimplePasses" classname="NewTestScript" runstate="Runnable" seed="1498135785" result="Passed" start-time="2018-11-05 09:57:29Z" end-time="2018-11-05 09:57:29Z" duration="0.008187" asserts="0" />
      </test-suite>
    </test-suite>
  </test-suite>
</test-run>